#
# There is insufficient memory for the Java Runtime Environment to continue.
# Native memory allocation (mmap) failed to map 65536 bytes for Failed to commit metaspace.
# Possible reasons:
#   The system is out of physical RAM or swap space
#   The process is running with CompressedOops enabled, and the Java Heap may be blocking the growth of the native heap
# Possible solutions:
#   Reduce memory load on the system
#   Increase physical memory or swap space
#   Check if swap backing store is full
#   Decrease Java heap size (-Xmx/-Xms)
#   Decrease number of Java threads
#   Decrease Java thread stack sizes (-Xss)
#   Set larger code cache with -XX:ReservedCodeCacheSize=
#   JVM is running with Unscaled Compressed Oops mode in which the Java heap is
#     placed in the first 4GB address space. The Java Heap base address is the
#     maximum limit for the native heap growth. Please use -XX:HeapBaseMinAddress
#     to set the Java Heap base and to place the Java Heap above 4GB virtual address.
# This output file may be truncated or incomplete.
#
#  Out of Memory Error (virtualSpaceNode.cpp:110), pid=10248, tid=9364
#
# JRE version: Java(TM) SE Runtime Environment (17.0.10+11) (build 17.0.10+11-LTS-240)
# Java VM: Java HotSpot(TM) 64-Bit Server VM (17.0.10+11-LTS-240, mixed mode, emulated-client, sharing, tiered, compressed oops, compressed class ptrs, g1 gc, windows-amd64)
# No core dump will be written. Minidumps are not enabled by default on client versions of Windows
#

---------------  S U M M A R Y ------------

Command Line: -XX:TieredStopAtLevel=1 -Dspring.output.ansi.enabled=always -Dcom.sun.management.jmxremote -Dspring.jmx.enabled=true -Dspring.liveBeansView.mbeanDomain -Dspring.application.admin.enabled=true -Dmanagement.endpoints.jmx.exposure.include=* -javaagent:C:\Program Files\JetBrains\IntelliJ IDEA 2022.3.3\lib\idea_rt.jar=49927:C:\Program Files\JetBrains\IntelliJ IDEA 2022.3.3\bin -Dfile.encoding=UTF-8 com.example.berryshoes.BerryShoesApplication

Host: 12th Gen Intel(R) Core(TM) i5-12450H, 12 cores, 7G,  Windows 11 , 64 bit Build 22621 (10.0.22621.3958)
Time: Sun Oct 20 16:16:57 2024 SE Asia Standard Time elapsed time: 0.757959 seconds (0d 0h 0m 0s)

---------------  T H R E A D  ---------------

Current thread (0x0000011867a06020):  JavaThread "restartedMain" [_thread_in_vm, id=9364, stack(0x0000001370100000,0x0000001370200000)]

Stack: [0x0000001370100000,0x0000001370200000]
Native frames: (J=compiled Java code, j=interpreted, Vv=VM code, C=native code)
V  [jvm.dll+0x677a5a]
V  [jvm.dll+0x7d8b2d]
V  [jvm.dll+0x7da48e]
V  [jvm.dll+0x7daaf3]
V  [jvm.dll+0x2455ff]
V  [jvm.dll+0x7d483b]
V  [jvm.dll+0x61dc06]
V  [jvm.dll+0x1bfa87]
V  [jvm.dll+0x620570]
V  [jvm.dll+0x61e5c6]
V  [jvm.dll+0x239c1f]
V  [jvm.dll+0x628365]
V  [jvm.dll+0x24d9e3]
V  [jvm.dll+0x24ef3f]
V  [jvm.dll+0x1e1c5f]
V  [jvm.dll+0x1e11ed]
V  [jvm.dll+0x53d5b5]
V  [jvm.dll+0x753438]
V  [jvm.dll+0x753524]
V  [jvm.dll+0x40babf]
V  [jvm.dll+0x411a89]
C  [java.dll+0x17ec]

Java frames: (J=compiled Java code, j=interpreted, Vv=VM code)
J 1147  java.lang.ClassLoader.defineClass1(Ljava/lang/ClassLoader;Ljava/lang/String;[BIILjava/security/ProtectionDomain;Ljava/lang/String;)Ljava/lang/Class; java.base@17.0.10 (0 bytes) @ 0x0000011817115ce3 [0x0000011817115c20+0x00000000000000c3]
J 1296 c1 java.lang.ClassLoader.defineClass(Ljava/lang/String;[BIILjava/security/ProtectionDomain;)Ljava/lang/Class; java.base@17.0.10 (43 bytes) @ 0x00000118171502dc [0x00000118171501e0+0x00000000000000fc]
J 1152 c1 jdk.internal.loader.BuiltinClassLoader.defineClass(Ljava/lang/String;Ljdk/internal/loader/Resource;)Ljava/lang/Class; java.base@17.0.10 (121 bytes) @ 0x000001181711c4e4 [0x000001181711c020+0x00000000000004c4]
J 1151 c1 jdk.internal.loader.BuiltinClassLoader.findClassOnClassPathOrNull(Ljava/lang/String;)Ljava/lang/Class; java.base@17.0.10 (64 bytes) @ 0x000001181711a834 [0x000001181711a580+0x00000000000002b4]
J 919 c1 jdk.internal.loader.BuiltinClassLoader.loadClassOrNull(Ljava/lang/String;Z)Ljava/lang/Class; java.base@17.0.10 (143 bytes) @ 0x00000118170b0c5c [0x00000118170b0800+0x000000000000045c]
J 1046 c1 jdk.internal.loader.ClassLoaders$AppClassLoader.loadClass(Ljava/lang/String;Z)Ljava/lang/Class; java.base@17.0.10 (40 bytes) @ 0x00000118170ec7a4 [0x00000118170ec660+0x0000000000000144]
J 1045 c1 java.lang.ClassLoader.loadClass(Ljava/lang/String;)Ljava/lang/Class; java.base@17.0.10 (7 bytes) @ 0x00000118170ebbe4 [0x00000118170ebba0+0x0000000000000044]
v  ~StubRoutines::call_stub
j  org.springframework.boot.web.servlet.context.AnnotationConfigServletWebServerApplicationContext.<init>()V+16
j  org.springframework.boot.web.servlet.context.ServletWebServerApplicationContextFactory.createContext()Lorg/springframework/context/ConfigurableApplicationContext;+10
j  org.springframework.boot.web.servlet.context.ServletWebServerApplicationContextFactory.create(Lorg/springframework/boot/WebApplicationType;)Lorg/springframework/context/ConfigurableApplicationContext;+12
j  org.springframework.boot.DefaultApplicationContextFactory$$Lambda$291+0x0000011823187430.apply(Ljava/lang/Object;Ljava/lang/Object;)Ljava/lang/Object;+8
j  org.springframework.boot.DefaultApplicationContextFactory.getFromSpringFactories(Lorg/springframework/boot/WebApplicationType;Ljava/util/function/BiFunction;Ljava/util/function/Supplier;)Ljava/lang/Object;+45
j  org.springframework.boot.DefaultApplicationContextFactory.create(Lorg/springframework/boot/WebApplicationType;)Lorg/springframework/context/ConfigurableApplicationContext;+13
j  org.springframework.boot.SpringApplication.createApplicationContext()Lorg/springframework/context/ConfigurableApplicationContext;+8
j  org.springframework.boot.SpringApplication.run([Ljava/lang/String;)Lorg/springframework/context/ConfigurableApplicationContext;+76
j  org.springframework.boot.SpringApplication.run([Ljava/lang/Class;[Ljava/lang/String;)Lorg/springframework/context/ConfigurableApplicationContext;+9
j  org.springframework.boot.SpringApplication.run(Ljava/lang/Class;[Ljava/lang/String;)Lorg/springframework/context/ConfigurableApplicationContext;+9
j  com.example.berryshoes.BerryShoesApplication.main([Ljava/lang/String;)V+3
v  ~StubRoutines::call_stub
j  jdk.internal.reflect.NativeMethodAccessorImpl.invoke0(Ljava/lang/reflect/Method;Ljava/lang/Object;[Ljava/lang/Object;)Ljava/lang/Object;+0 java.base@17.0.10
j  jdk.internal.reflect.NativeMethodAccessorImpl.invoke(Ljava/lang/Object;[Ljava/lang/Object;)Ljava/lang/Object;+133 java.base@17.0.10
j  jdk.internal.reflect.DelegatingMethodAccessorImpl.invoke(Ljava/lang/Object;[Ljava/lang/Object;)Ljava/lang/Object;+6 java.base@17.0.10
j  java.lang.reflect.Method.invoke(Ljava/lang/Object;[Ljava/lang/Object;)Ljava/lang/Object;+59 java.base@17.0.10
j  org.springframework.boot.devtools.restart.RestartLauncher.run()V+47
v  ~StubRoutines::call_stub

---------------  P R O C E S S  ---------------

Threads class SMR info:
_java_thread_list=0x0000011867a64040, length=19, elements={
0x000001180dc1df50, 0x0000011821d47d00, 0x0000011821d48980, 0x0000011821d5d990,
0x0000011821d5e520, 0x0000011821d5fe00, 0x0000011821d606d0, 0x0000011821d61050,
0x0000011821d61d70, 0x0000011821dbe7f0, 0x0000011867097db0, 0x00000118670982d0,
0x00000118670aa890, 0x00000118673fa2a0, 0x0000011867485860, 0x00000118676f8830,
0x000001186723f8e0, 0x0000011867a06020, 0x0000011867b1d290
}

Java Threads: ( => current thread )
  0x000001180dc1df50 JavaThread "main" [_thread_blocked, id=1800, stack(0x000000136e300000,0x000000136e400000)]
  0x0000011821d47d00 JavaThread "Reference Handler" daemon [_thread_blocked, id=3148, stack(0x000000136ea00000,0x000000136eb00000)]
  0x0000011821d48980 JavaThread "Finalizer" daemon [_thread_blocked, id=11688, stack(0x000000136eb00000,0x000000136ec00000)]
  0x0000011821d5d990 JavaThread "Signal Dispatcher" daemon [_thread_blocked, id=6844, stack(0x000000136ec00000,0x000000136ed00000)]
  0x0000011821d5e520 JavaThread "Attach Listener" daemon [_thread_blocked, id=11620, stack(0x000000136ed00000,0x000000136ee00000)]
  0x0000011821d5fe00 JavaThread "Service Thread" daemon [_thread_blocked, id=11280, stack(0x000000136ee00000,0x000000136ef00000)]
  0x0000011821d606d0 JavaThread "Monitor Deflation Thread" daemon [_thread_blocked, id=3508, stack(0x000000136ef00000,0x000000136f000000)]
  0x0000011821d61050 JavaThread "C1 CompilerThread0" daemon [_thread_blocked, id=11272, stack(0x000000136f000000,0x000000136f100000)]
  0x0000011821d61d70 JavaThread "Sweeper thread" daemon [_thread_blocked, id=3456, stack(0x000000136f100000,0x000000136f200000)]
  0x0000011821dbe7f0 JavaThread "Common-Cleaner" daemon [_thread_blocked, id=7636, stack(0x000000136f200000,0x000000136f300000)]
  0x0000011867097db0 JavaThread "C1 CompilerThread1" daemon [_thread_blocked, id=9156, stack(0x000000136f300000,0x000000136f400000)]
  0x00000118670982d0 JavaThread "C1 CompilerThread2" daemon [_thread_blocked, id=9764, stack(0x000000136f400000,0x000000136f500000)]
  0x00000118670aa890 JavaThread "C1 CompilerThread3" daemon [_thread_blocked, id=7072, stack(0x000000136f500000,0x000000136f600000)]
  0x00000118673fa2a0 JavaThread "Monitor Ctrl-Break" daemon [_thread_in_native, id=4656, stack(0x000000136f600000,0x000000136f700000)]
  0x0000011867485860 JavaThread "Notification Thread" daemon [_thread_blocked, id=8080, stack(0x000000136f700000,0x000000136f800000)]
  0x00000118676f8830 JavaThread "RMI TCP Accept-0" daemon [_thread_in_native, id=12872, stack(0x000000136f800000,0x000000136f900000)]
  0x000001186723f8e0 JavaThread "Thread-0" [_thread_blocked, id=13032, stack(0x0000001370000000,0x0000001370100000)]
=>0x0000011867a06020 JavaThread "restartedMain" [_thread_in_vm, id=9364, stack(0x0000001370100000,0x0000001370200000)]
  0x0000011867b1d290 JavaThread "background-preinit" [_thread_in_vm, id=2844, stack(0x0000001370200000,0x0000001370300000)]

Other Threads:
  0x0000011821d43e00 VMThread "VM Thread" [stack: 0x000000136e900000,0x000000136ea00000] [id=7020]
  0x00000118675b29f0 WatcherThread [stack: 0x000000136f900000,0x000000136fa00000] [id=6776]
  0x000001180dc77810 GCTaskThread "GC Thread#0" [stack: 0x000000136e400000,0x000000136e500000] [id=1676]
  0x00000118679d71b0 GCTaskThread "GC Thread#1" [stack: 0x000000136fa00000,0x000000136fb00000] [id=7052]
  0x00000118679d5eb0 GCTaskThread "GC Thread#2" [stack: 0x000000136fb00000,0x000000136fc00000] [id=2496]
  0x00000118679d6170 GCTaskThread "GC Thread#3" [stack: 0x000000136fc00000,0x000000136fd00000] [id=10768]
  0x00000118679f82a0 GCTaskThread "GC Thread#4" [stack: 0x000000136fd00000,0x000000136fe00000] [id=11864]
  0x00000118679f8560 GCTaskThread "GC Thread#5" [stack: 0x000000136fe00000,0x000000136ff00000] [id=7244]
  0x00000118679f8820 GCTaskThread "GC Thread#6" [stack: 0x000000136ff00000,0x0000001370000000] [id=14220]
  0x000001180dc87aa0 ConcurrentGCThread "G1 Main Marker" [stack: 0x000000136e500000,0x000000136e600000] [id=1684]
  0x000001180dc893c0 ConcurrentGCThread "G1 Conc#0" [stack: 0x000000136e600000,0x000000136e700000] [id=1980]
  0x0000011821bf34d0 ConcurrentGCThread "G1 Refine#0" [stack: 0x000000136e700000,0x000000136e800000] [id=1816]
  0x000001180dcdcc00 ConcurrentGCThread "G1 Service" [stack: 0x000000136e800000,0x000000136e900000] [id=15048]

Threads with active compile tasks:

VM state: not at safepoint (normal execution)

VM Mutex/Monitor currently owned by a thread:  ([mutex/lock_event])
[0x000001180dc191b0] Metaspace_lock - owner thread: 0x0000011867a06020

Heap address: 0x0000000085e00000, size: 1954 MB, Compressed Oops mode: 32-bit

CDS archive(s) mapped at: [0x0000011822000000-0x0000011822bd0000-0x0000011822bd0000), size 12386304, SharedBaseAddress: 0x0000011822000000, ArchiveRelocationMode: 1.
Compressed class space mapped at: 0x0000011823000000-0x0000011863000000, reserved size: 1073741824
Narrow klass base: 0x0000011822000000, Narrow klass shift: 0, Narrow klass range: 0x100000000

GC Precious Log:
 CPUs: 12 total, 12 available
 Memory: 7812M
 Large Page Support: Disabled
 NUMA Support: Disabled
 Compressed Oops: Enabled (32-bit)
 Heap Region Size: 1M
 Heap Min Capacity: 8M
 Heap Initial Capacity: 124M
 Heap Max Capacity: 1954M
 Pre-touch: Disabled
 Parallel Workers: 10
 Concurrent Workers: 3
 Concurrent Refinement Workers: 10
 Periodic GC: Disabled

Heap:
 garbage-first heap   total 126976K, used 27630K [0x0000000085e00000, 0x0000000100000000)
  region size 1024K, 25 young (25600K), 3 survivors (3072K)
 Metaspace       used 11519K, committed 11776K, reserved 1114112K
  class space    used 1583K, committed 1728K, reserved 1048576K

Heap Regions: E=young(eden), S=young(survivor), O=old, HS=humongous(starts), HC=humongous(continues), CS=collection set, F=free, OA=open archive, CA=closed archive, TAMS=top-at-mark-start (previous, next)
|   0|0x0000000085e00000, 0x0000000085f00000, 0x0000000085f00000|100%|HS|  |TAMS 0x0000000085e00000, 0x0000000085e00000| Complete 
|   1|0x0000000085f00000, 0x0000000086000000, 0x0000000086000000|100%| O|  |TAMS 0x0000000085f00000, 0x0000000085f00000| Untracked 
|   2|0x0000000086000000, 0x0000000086100000, 0x0000000086100000|100%| O|  |TAMS 0x0000000086000000, 0x0000000086000000| Untracked 
|   3|0x0000000086100000, 0x00000000861fb808, 0x0000000086200000| 98%| O|  |TAMS 0x0000000086100000, 0x0000000086100000| Untracked 
|   4|0x0000000086200000, 0x0000000086200000, 0x0000000086300000|  0%| F|  |TAMS 0x0000000086200000, 0x0000000086200000| Untracked 
|   5|0x0000000086300000, 0x0000000086300000, 0x0000000086400000|  0%| F|  |TAMS 0x0000000086300000, 0x0000000086300000| Untracked 
|   6|0x0000000086400000, 0x0000000086400000, 0x0000000086500000|  0%| F|  |TAMS 0x0000000086400000, 0x0000000086400000| Untracked 
|   7|0x0000000086500000, 0x0000000086500000, 0x0000000086600000|  0%| F|  |TAMS 0x0000000086500000, 0x0000000086500000| Untracked 
|   8|0x0000000086600000, 0x0000000086600000, 0x0000000086700000|  0%| F|  |TAMS 0x0000000086600000, 0x0000000086600000| Untracked 
|   9|0x0000000086700000, 0x0000000086700000, 0x0000000086800000|  0%| F|  |TAMS 0x0000000086700000, 0x0000000086700000| Untracked 
|  10|0x0000000086800000, 0x0000000086800000, 0x0000000086900000|  0%| F|  |TAMS 0x0000000086800000, 0x0000000086800000| Untracked 
|  11|0x0000000086900000, 0x0000000086900000, 0x0000000086a00000|  0%| F|  |TAMS 0x0000000086900000, 0x0000000086900000| Untracked 
|  12|0x0000000086a00000, 0x0000000086a00000, 0x0000000086b00000|  0%| F|  |TAMS 0x0000000086a00000, 0x0000000086a00000| Untracked 
|  13|0x0000000086b00000, 0x0000000086b00000, 0x0000000086c00000|  0%| F|  |TAMS 0x0000000086b00000, 0x0000000086b00000| Untracked 
|  14|0x0000000086c00000, 0x0000000086c00000, 0x0000000086d00000|  0%| F|  |TAMS 0x0000000086c00000, 0x0000000086c00000| Untracked 
|  15|0x0000000086d00000, 0x0000000086d00000, 0x0000000086e00000|  0%| F|  |TAMS 0x0000000086d00000, 0x0000000086d00000| Untracked 
|  16|0x0000000086e00000, 0x0000000086e00000, 0x0000000086f00000|  0%| F|  |TAMS 0x0000000086e00000, 0x0000000086e00000| Untracked 
|  17|0x0000000086f00000, 0x0000000086f00000, 0x0000000087000000|  0%| F|  |TAMS 0x0000000086f00000, 0x0000000086f00000| Untracked 
|  18|0x0000000087000000, 0x0000000087000000, 0x0000000087100000|  0%| F|  |TAMS 0x0000000087000000, 0x0000000087000000| Untracked 
|  19|0x0000000087100000, 0x0000000087100000, 0x0000000087200000|  0%| F|  |TAMS 0x0000000087100000, 0x0000000087100000| Untracked 
|  20|0x0000000087200000, 0x0000000087200000, 0x0000000087300000|  0%| F|  |TAMS 0x0000000087200000, 0x0000000087200000| Untracked 
|  21|0x0000000087300000, 0x0000000087300000, 0x0000000087400000|  0%| F|  |TAMS 0x0000000087300000, 0x0000000087300000| Untracked 
|  22|0x0000000087400000, 0x0000000087400000, 0x0000000087500000|  0%| F|  |TAMS 0x0000000087400000, 0x0000000087400000| Untracked 
|  23|0x0000000087500000, 0x0000000087500000, 0x0000000087600000|  0%| F|  |TAMS 0x0000000087500000, 0x0000000087500000| Untracked 
|  24|0x0000000087600000, 0x0000000087600000, 0x0000000087700000|  0%| F|  |TAMS 0x0000000087600000, 0x0000000087600000| Untracked 
|  25|0x0000000087700000, 0x0000000087700000, 0x0000000087800000|  0%| F|  |TAMS 0x0000000087700000, 0x0000000087700000| Untracked 
|  26|0x0000000087800000, 0x0000000087800000, 0x0000000087900000|  0%| F|  |TAMS 0x0000000087800000, 0x0000000087800000| Untracked 
|  27|0x0000000087900000, 0x0000000087900000, 0x0000000087a00000|  0%| F|  |TAMS 0x0000000087900000, 0x0000000087900000| Untracked 
|  28|0x0000000087a00000, 0x0000000087a00000, 0x0000000087b00000|  0%| F|  |TAMS 0x0000000087a00000, 0x0000000087a00000| Untracked 
|  29|0x0000000087b00000, 0x0000000087b00000, 0x0000000087c00000|  0%| F|  |TAMS 0x0000000087b00000, 0x0000000087b00000| Untracked 
|  30|0x0000000087c00000, 0x0000000087c00000, 0x0000000087d00000|  0%| F|  |TAMS 0x0000000087c00000, 0x0000000087c00000| Untracked 
|  31|0x0000000087d00000, 0x0000000087d00000, 0x0000000087e00000|  0%| F|  |TAMS 0x0000000087d00000, 0x0000000087d00000| Untracked 
|  32|0x0000000087e00000, 0x0000000087e00000, 0x0000000087f00000|  0%| F|  |TAMS 0x0000000087e00000, 0x0000000087e00000| Untracked 
|  33|0x0000000087f00000, 0x0000000087f00000, 0x0000000088000000|  0%| F|  |TAMS 0x0000000087f00000, 0x0000000087f00000| Untracked 
|  34|0x0000000088000000, 0x0000000088000000, 0x0000000088100000|  0%| F|  |TAMS 0x0000000088000000, 0x0000000088000000| Untracked 
|  35|0x0000000088100000, 0x0000000088100000, 0x0000000088200000|  0%| F|  |TAMS 0x0000000088100000, 0x0000000088100000| Untracked 
|  36|0x0000000088200000, 0x0000000088200000, 0x0000000088300000|  0%| F|  |TAMS 0x0000000088200000, 0x0000000088200000| Untracked 
|  37|0x0000000088300000, 0x0000000088300000, 0x0000000088400000|  0%| F|  |TAMS 0x0000000088300000, 0x0000000088300000| Untracked 
|  38|0x0000000088400000, 0x0000000088400000, 0x0000000088500000|  0%| F|  |TAMS 0x0000000088400000, 0x0000000088400000| Untracked 
|  39|0x0000000088500000, 0x0000000088500000, 0x0000000088600000|  0%| F|  |TAMS 0x0000000088500000, 0x0000000088500000| Untracked 
|  40|0x0000000088600000, 0x0000000088600000, 0x0000000088700000|  0%| F|  |TAMS 0x0000000088600000, 0x0000000088600000| Untracked 
|  41|0x0000000088700000, 0x0000000088700000, 0x0000000088800000|  0%| F|  |TAMS 0x0000000088700000, 0x0000000088700000| Untracked 
|  42|0x0000000088800000, 0x0000000088800000, 0x0000000088900000|  0%| F|  |TAMS 0x0000000088800000, 0x0000000088800000| Untracked 
|  43|0x0000000088900000, 0x0000000088900000, 0x0000000088a00000|  0%| F|  |TAMS 0x0000000088900000, 0x0000000088900000| Untracked 
|  44|0x0000000088a00000, 0x0000000088a00000, 0x0000000088b00000|  0%| F|  |TAMS 0x0000000088a00000, 0x0000000088a00000| Untracked 
|  45|0x0000000088b00000, 0x0000000088b00000, 0x0000000088c00000|  0%| F|  |TAMS 0x0000000088b00000, 0x0000000088b00000| Untracked 
|  46|0x0000000088c00000, 0x0000000088c00000, 0x0000000088d00000|  0%| F|  |TAMS 0x0000000088c00000, 0x0000000088c00000| Untracked 
|  47|0x0000000088d00000, 0x0000000088d00000, 0x0000000088e00000|  0%| F|  |TAMS 0x0000000088d00000, 0x0000000088d00000| Untracked 
|  48|0x0000000088e00000, 0x0000000088e00000, 0x0000000088f00000|  0%| F|  |TAMS 0x0000000088e00000, 0x0000000088e00000| Untracked 
|  49|0x0000000088f00000, 0x0000000088f00000, 0x0000000089000000|  0%| F|  |TAMS 0x0000000088f00000, 0x0000000088f00000| Untracked 
|  50|0x0000000089000000, 0x0000000089000000, 0x0000000089100000|  0%| F|  |TAMS 0x0000000089000000, 0x0000000089000000| Untracked 
|  51|0x0000000089100000, 0x0000000089100000, 0x0000000089200000|  0%| F|  |TAMS 0x0000000089100000, 0x0000000089100000| Untracked 
|  52|0x0000000089200000, 0x0000000089200000, 0x0000000089300000|  0%| F|  |TAMS 0x0000000089200000, 0x0000000089200000| Untracked 
|  53|0x0000000089300000, 0x0000000089300000, 0x0000000089400000|  0%| F|  |TAMS 0x0000000089300000, 0x0000000089300000| Untracked 
|  54|0x0000000089400000, 0x0000000089400000, 0x0000000089500000|  0%| F|  |TAMS 0x0000000089400000, 0x0000000089400000| Untracked 
|  55|0x0000000089500000, 0x0000000089500000, 0x0000000089600000|  0%| F|  |TAMS 0x0000000089500000, 0x0000000089500000| Untracked 
|  56|0x0000000089600000, 0x0000000089600000, 0x0000000089700000|  0%| F|  |TAMS 0x0000000089600000, 0x0000000089600000| Untracked 
|  57|0x0000000089700000, 0x0000000089700000, 0x0000000089800000|  0%| F|  |TAMS 0x0000000089700000, 0x0000000089700000| Untracked 
|  58|0x0000000089800000, 0x0000000089800000, 0x0000000089900000|  0%| F|  |TAMS 0x0000000089800000, 0x0000000089800000| Untracked 
|  59|0x0000000089900000, 0x0000000089900000, 0x0000000089a00000|  0%| F|  |TAMS 0x0000000089900000, 0x0000000089900000| Untracked 
|  60|0x0000000089a00000, 0x0000000089a00000, 0x0000000089b00000|  0%| F|  |TAMS 0x0000000089a00000, 0x0000000089a00000| Untracked 
|  61|0x0000000089b00000, 0x0000000089b00000, 0x0000000089c00000|  0%| F|  |TAMS 0x0000000089b00000, 0x0000000089b00000| Untracked 
|  62|0x0000000089c00000, 0x0000000089c00000, 0x0000000089d00000|  0%| F|  |TAMS 0x0000000089c00000, 0x0000000089c00000| Untracked 
|  63|0x0000000089d00000, 0x0000000089d00000, 0x0000000089e00000|  0%| F|  |TAMS 0x0000000089d00000, 0x0000000089d00000| Untracked 
|  64|0x0000000089e00000, 0x0000000089e00000, 0x0000000089f00000|  0%| F|  |TAMS 0x0000000089e00000, 0x0000000089e00000| Untracked 
|  65|0x0000000089f00000, 0x0000000089f00000, 0x000000008a000000|  0%| F|  |TAMS 0x0000000089f00000, 0x0000000089f00000| Untracked 
|  66|0x000000008a000000, 0x000000008a000000, 0x000000008a100000|  0%| F|  |TAMS 0x000000008a000000, 0x000000008a000000| Untracked 
|  67|0x000000008a100000, 0x000000008a100000, 0x000000008a200000|  0%| F|  |TAMS 0x000000008a100000, 0x000000008a100000| Untracked 
|  68|0x000000008a200000, 0x000000008a200000, 0x000000008a300000|  0%| F|  |TAMS 0x000000008a200000, 0x000000008a200000| Untracked 
|  69|0x000000008a300000, 0x000000008a300000, 0x000000008a400000|  0%| F|  |TAMS 0x000000008a300000, 0x000000008a300000| Untracked 
|  70|0x000000008a400000, 0x000000008a400000, 0x000000008a500000|  0%| F|  |TAMS 0x000000008a400000, 0x000000008a400000| Untracked 
|  71|0x000000008a500000, 0x000000008a500000, 0x000000008a600000|  0%| F|  |TAMS 0x000000008a500000, 0x000000008a500000| Untracked 
|  72|0x000000008a600000, 0x000000008a600000, 0x000000008a700000|  0%| F|  |TAMS 0x000000008a600000, 0x000000008a600000| Untracked 
|  73|0x000000008a700000, 0x000000008a700000, 0x000000008a800000|  0%| F|  |TAMS 0x000000008a700000, 0x000000008a700000| Untracked 
|  74|0x000000008a800000, 0x000000008a800000, 0x000000008a900000|  0%| F|  |TAMS 0x000000008a800000, 0x000000008a800000| Untracked 
|  75|0x000000008a900000, 0x000000008a900000, 0x000000008aa00000|  0%| F|  |TAMS 0x000000008a900000, 0x000000008a900000| Untracked 
|  76|0x000000008aa00000, 0x000000008aa00000, 0x000000008ab00000|  0%| F|  |TAMS 0x000000008aa00000, 0x000000008aa00000| Untracked 
|  77|0x000000008ab00000, 0x000000008ab00000, 0x000000008ac00000|  0%| F|  |TAMS 0x000000008ab00000, 0x000000008ab00000| Untracked 
|  78|0x000000008ac00000, 0x000000008ac00000, 0x000000008ad00000|  0%| F|  |TAMS 0x000000008ac00000, 0x000000008ac00000| Untracked 
|  79|0x000000008ad00000, 0x000000008ad00000, 0x000000008ae00000|  0%| F|  |TAMS 0x000000008ad00000, 0x000000008ad00000| Untracked 
|  80|0x000000008ae00000, 0x000000008ae00000, 0x000000008af00000|  0%| F|  |TAMS 0x000000008ae00000, 0x000000008ae00000| Untracked 
|  81|0x000000008af00000, 0x000000008af00000, 0x000000008b000000|  0%| F|  |TAMS 0x000000008af00000, 0x000000008af00000| Untracked 
|  82|0x000000008b000000, 0x000000008b000000, 0x000000008b100000|  0%| F|  |TAMS 0x000000008b000000, 0x000000008b000000| Untracked 
|  83|0x000000008b100000, 0x000000008b100000, 0x000000008b200000|  0%| F|  |TAMS 0x000000008b100000, 0x000000008b100000| Untracked 
|  84|0x000000008b200000, 0x000000008b200000, 0x000000008b300000|  0%| F|  |TAMS 0x000000008b200000, 0x000000008b200000| Untracked 
|  85|0x000000008b300000, 0x000000008b300000, 0x000000008b400000|  0%| F|  |TAMS 0x000000008b300000, 0x000000008b300000| Untracked 
|  86|0x000000008b400000, 0x000000008b400000, 0x000000008b500000|  0%| F|  |TAMS 0x000000008b400000, 0x000000008b400000| Untracked 
|  87|0x000000008b500000, 0x000000008b500000, 0x000000008b600000|  0%| F|  |TAMS 0x000000008b500000, 0x000000008b500000| Untracked 
|  88|0x000000008b600000, 0x000000008b600000, 0x000000008b700000|  0%| F|  |TAMS 0x000000008b600000, 0x000000008b600000| Untracked 
|  89|0x000000008b700000, 0x000000008b700000, 0x000000008b800000|  0%| F|  |TAMS 0x000000008b700000, 0x000000008b700000| Untracked 
|  90|0x000000008b800000, 0x000000008b800000, 0x000000008b900000|  0%| F|  |TAMS 0x000000008b800000, 0x000000008b800000| Untracked 
|  91|0x000000008b900000, 0x000000008b900000, 0x000000008ba00000|  0%| F|  |TAMS 0x000000008b900000, 0x000000008b900000| Untracked 
|  92|0x000000008ba00000, 0x000000008ba00000, 0x000000008bb00000|  0%| F|  |TAMS 0x000000008ba00000, 0x000000008ba00000| Untracked 
|  93|0x000000008bb00000, 0x000000008bb00000, 0x000000008bc00000|  0%| F|  |TAMS 0x000000008bb00000, 0x000000008bb00000| Untracked 
|  94|0x000000008bc00000, 0x000000008bc00000, 0x000000008bd00000|  0%| F|  |TAMS 0x000000008bc00000, 0x000000008bc00000| Untracked 
|  95|0x000000008bd00000, 0x000000008bd00000, 0x000000008be00000|  0%| F|  |TAMS 0x000000008bd00000, 0x000000008bd00000| Untracked 
|  96|0x000000008be00000, 0x000000008be00000, 0x000000008bf00000|  0%| F|  |TAMS 0x000000008be00000, 0x000000008be00000| Untracked 
|  97|0x000000008bf00000, 0x000000008bf00000, 0x000000008c000000|  0%| F|  |TAMS 0x000000008bf00000, 0x000000008bf00000| Untracked 
|  98|0x000000008c000000, 0x000000008c100000, 0x000000008c100000|100%| S|CS|TAMS 0x000000008c000000, 0x000000008c000000| Complete 
|  99|0x000000008c100000, 0x000000008c200000, 0x000000008c200000|100%| S|CS|TAMS 0x000000008c100000, 0x000000008c100000| Complete 
| 100|0x000000008c200000, 0x000000008c300000, 0x000000008c300000|100%| S|CS|TAMS 0x000000008c200000, 0x000000008c200000| Complete 
| 101|0x000000008c300000, 0x000000008c300000, 0x000000008c400000|  0%| F|  |TAMS 0x000000008c300000, 0x000000008c300000| Untracked 
| 102|0x000000008c400000, 0x000000008c4cdde0, 0x000000008c500000| 80%| E|  |TAMS 0x000000008c400000, 0x000000008c400000| Complete 
| 103|0x000000008c500000, 0x000000008c600000, 0x000000008c600000|100%| E|CS|TAMS 0x000000008c500000, 0x000000008c500000| Complete 
| 104|0x000000008c600000, 0x000000008c700000, 0x000000008c700000|100%| E|CS|TAMS 0x000000008c600000, 0x000000008c600000| Complete 
| 105|0x000000008c700000, 0x000000008c800000, 0x000000008c800000|100%| E|  |TAMS 0x000000008c700000, 0x000000008c700000| Complete 
| 106|0x000000008c800000, 0x000000008c900000, 0x000000008c900000|100%| E|CS|TAMS 0x000000008c800000, 0x000000008c800000| Complete 
| 107|0x000000008c900000, 0x000000008ca00000, 0x000000008ca00000|100%| E|CS|TAMS 0x000000008c900000, 0x000000008c900000| Complete 
| 108|0x000000008ca00000, 0x000000008cb00000, 0x000000008cb00000|100%| E|CS|TAMS 0x000000008ca00000, 0x000000008ca00000| Complete 
| 109|0x000000008cb00000, 0x000000008cc00000, 0x000000008cc00000|100%| E|CS|TAMS 0x000000008cb00000, 0x000000008cb00000| Complete 
| 110|0x000000008cc00000, 0x000000008cd00000, 0x000000008cd00000|100%| E|CS|TAMS 0x000000008cc00000, 0x000000008cc00000| Complete 
| 111|0x000000008cd00000, 0x000000008ce00000, 0x000000008ce00000|100%| E|CS|TAMS 0x000000008cd00000, 0x000000008cd00000| Complete 
| 112|0x000000008ce00000, 0x000000008cf00000, 0x000000008cf00000|100%| E|CS|TAMS 0x000000008ce00000, 0x000000008ce00000| Complete 
| 113|0x000000008cf00000, 0x000000008d000000, 0x000000008d000000|100%| E|CS|TAMS 0x000000008cf00000, 0x000000008cf00000| Complete 
| 114|0x000000008d000000, 0x000000008d100000, 0x000000008d100000|100%| E|CS|TAMS 0x000000008d000000, 0x000000008d000000| Complete 
| 115|0x000000008d100000, 0x000000008d200000, 0x000000008d200000|100%| E|CS|TAMS 0x000000008d100000, 0x000000008d100000| Complete 
| 116|0x000000008d200000, 0x000000008d300000, 0x000000008d300000|100%| E|CS|TAMS 0x000000008d200000, 0x000000008d200000| Complete 
| 117|0x000000008d300000, 0x000000008d400000, 0x000000008d400000|100%| E|CS|TAMS 0x000000008d300000, 0x000000008d300000| Complete 
| 118|0x000000008d400000, 0x000000008d500000, 0x000000008d500000|100%| E|CS|TAMS 0x000000008d400000, 0x000000008d400000| Complete 
| 119|0x000000008d500000, 0x000000008d600000, 0x000000008d600000|100%| E|CS|TAMS 0x000000008d500000, 0x000000008d500000| Complete 
| 120|0x000000008d600000, 0x000000008d700000, 0x000000008d700000|100%| E|CS|TAMS 0x000000008d600000, 0x000000008d600000| Complete 
| 121|0x000000008d700000, 0x000000008d800000, 0x000000008d800000|100%| E|CS|TAMS 0x000000008d700000, 0x000000008d700000| Complete 
| 122|0x000000008d800000, 0x000000008d900000, 0x000000008d900000|100%| E|CS|TAMS 0x000000008d800000, 0x000000008d800000| Complete 
| 123|0x000000008d900000, 0x000000008da00000, 0x000000008da00000|100%| E|CS|TAMS 0x000000008d900000, 0x000000008d900000| Complete 

Card table byte_map: [0x000001181abc0000,0x000001181afa0000] _byte_map_base: 0x000001181a791000

Marking Bits (Prev, Next): (CMBitMap*) 0x000001180dc77d30, (CMBitMap*) 0x000001180dc77d70
 Prev Bits: [0x000001181b380000, 0x000001181d208000)
 Next Bits: [0x000001181d210000, 0x000001181f098000)

Polling page: 0x000001180dce0000

Metaspace:

Usage:
  Non-class:      9.70 MB used.
      Class:      1.55 MB used.
       Both:     11.25 MB used.

Virtual space:
  Non-class space:       64.00 MB reserved,       9.81 MB ( 15%) committed,  1 nodes.
      Class space:        1.00 GB reserved,       1.69 MB ( <1%) committed,  1 nodes.
             Both:        1.06 GB reserved,      11.50 MB (  1%) committed. 

Chunk freelists:
   Non-Class:  5.92 MB
       Class:  14.34 MB
        Both:  20.27 MB

MaxMetaspaceSize: unlimited
CompressedClassSpaceSize: 1.00 GB
Initial GC threshold: 21.00 MB
Current GC threshold: 21.00 MB
CDS: on
MetaspaceReclaimPolicy: balanced
 - commit_granule_bytes: 65536.
 - commit_granule_words: 8192.
 - virtual_space_node_default_size: 8388608.
 - enlarge_chunks_in_place: 1.
 - new_chunks_are_fully_committed: 0.
 - uncommit_free_chunks: 1.
 - use_allocation_guard: 0.
 - handle_deallocations: 1.


Internal statistics:

num_allocs_failed_limit: 0.
num_arena_births: 214.
num_arena_deaths: 0.
num_vsnodes_births: 2.
num_vsnodes_deaths: 0.
num_space_committed: 184.
num_space_uncommitted: 0.
num_chunks_returned_to_freelist: 0.
num_chunks_taken_from_freelist: 515.
num_chunk_merges: 0.
num_chunk_splits: 334.
num_chunks_enlarged: 243.
num_inconsistent_stats: 0.

CodeCache: size=49152Kb used=5624Kb max_used=5624Kb free=43528Kb
 bounds [0x0000011816cc0000, 0x0000011817240000, 0x0000011819cc0000]
 total_blobs=2356 nmethods=1898 adapters=382
 compilation: enabled
              stopped_count=0, restarted_count=0
 full_count=0

Compilation events (20 events):
Event: 0.731 Thread 0x00000118670aa890 1890   !   1       java.io.BufferedReader::readLine (327 bytes)
Event: 0.731 Thread 0x00000118670982d0 1891       1       java.lang.Character::isJavaIdentifierPart (9 bytes)
Event: 0.731 Thread 0x0000011821d61050 1892       1       java.lang.CharacterDataLatin1::isJavaIdentifierPart (20 bytes)
Event: 0.732 Thread 0x0000011821d61050 nmethod 1892 0x000001181723a110 code [0x000001181723a2a0, 0x000001181723a3b8]
Event: 0.732 Thread 0x00000118670982d0 nmethod 1891 0x000001181723a490 code [0x000001181723a640, 0x000001181723a738]
Event: 0.732 Thread 0x0000011821d61050 1893       1       java.lang.reflect.Modifier::isAbstract (14 bytes)
Event: 0.732 Thread 0x0000011867097db0 1894       1       java.lang.Class::copyConstructors (38 bytes)
Event: 0.733 Thread 0x00000118670aa890 nmethod 1890 0x000001181723a810 code [0x000001181723aaa0, 0x000001181723b5c8]
Event: 0.733 Thread 0x0000011821d61050 nmethod 1893 0x000001181723c010 code [0x000001181723c1a0, 0x000001181723c258]
Event: 0.733 Thread 0x0000011867097db0 nmethod 1894 0x000001181723c310 code [0x000001181723c500, 0x000001181723c8d8]
Event: 0.744 Thread 0x0000011867097db0 1895       1       java.lang.ClassLoader::getUnnamedModule (5 bytes)
Event: 0.744 Thread 0x0000011867097db0 nmethod 1895 0x000001181723cb90 code [0x000001181723cd20, 0x000001181723cdf8]
Event: 0.746 Thread 0x0000011867097db0 1896       1       java.lang.reflect.Constructor::getRoot (5 bytes)
Event: 0.746 Thread 0x0000011867097db0 nmethod 1896 0x000001181723ce90 code [0x000001181723d020, 0x000001181723d0f8]
Event: 0.751 Thread 0x00000118670aa890 1897       1       java.util.Arrays$ArrayList::size (6 bytes)
Event: 0.751 Thread 0x00000118670aa890 nmethod 1897 0x000001181723d190 code [0x000001181723d320, 0x000001181723d3f8]
Event: 0.752 Thread 0x00000118670aa890 1898       1       ch.qos.logback.classic.Logger::getChildByName (68 bytes)
Event: 0.752 Thread 0x00000118670aa890 nmethod 1898 0x000001181723d790 code [0x000001181723d960, 0x000001181723dba8]
Event: 0.753 Thread 0x00000118670aa890 1899       1       java.security.PermissionCollection::isReadOnly (5 bytes)
Event: 0.753 Thread 0x00000118670aa890 nmethod 1899 0x000001181723dd10 code [0x000001181723dea0, 0x000001181723df78]

GC Heap History (2 events):
Event: 0.502 GC heap before
{Heap before GC invocations=0 (full 0):
 garbage-first heap   total 126976K, used 23552K [0x0000000085e00000, 0x0000000100000000)
  region size 1024K, 23 young (23552K), 0 survivors (0K)
 Metaspace       used 6983K, committed 7168K, reserved 1114112K
  class space    used 887K, committed 1024K, reserved 1048576K
}
Event: 0.506 GC heap after
{Heap after GC invocations=1 (full 0):
 garbage-first heap   total 126976K, used 7150K [0x0000000085e00000, 0x0000000100000000)
  region size 1024K, 3 young (3072K), 3 survivors (3072K)
 Metaspace       used 6983K, committed 7168K, reserved 1114112K
  class space    used 887K, committed 1024K, reserved 1048576K
}

Deoptimization events (0 events):
No events

Classes unloaded (0 events):
No events

Classes redefined (0 events):
No events

Internal exceptions (20 events):
Event: 0.616 Thread 0x0000011867a06020 Exception <a 'java/lang/NoSuchMethodError'{0x000000008cf08598}: 'java.lang.Object java.lang.invoke.DirectMethodHandle$Holder.newInvokeSpecial(java.lang.Object, java.lang.Object, java.lang.Object, java.lang.Object, java.lang.Object, java.lang.Object, int)'> (0x000000008cf08598) 
thrown [s\open\src\hotspot\share\interpreter\linkResolver.cpp, line 759]
Event: 0.616 Thread 0x0000011867a06020 Exception <a 'java/lang/NoSuchMethodError'{0x000000008cf0d5d8}: 'java.lang.Object java.lang.invoke.DirectMethodHandle$Holder.invokeSpecial(java.lang.Object, java.lang.Object, java.lang.Object, java.lang.Object, java.lang.Object, java.lang.Object, java.lang.Object, int)'> (0x000000008cf0d5d8) 
thrown [s\open\src\hotspot\share\interpreter\linkResolver.cpp, line 759]
Event: 0.639 Thread 0x0000011867a06020 Exception <a 'java/lang/NoSuchMethodError'{0x000000008ce76108}: 'void java.lang.invoke.DirectMethodHandle$Holder.invokeSpecial(java.lang.Object, java.lang.Object, java.lang.Object, java.lang.Object, java.lang.Object)'> (0x000000008ce76108) 
thrown [s\open\src\hotspot\share\interpreter\linkResolver.cpp, line 759]
Event: 0.649 Thread 0x0000011867a06020 Exception <a 'java/lang/NoSuchMethodError'{0x000000008cecb340}: 'int java.lang.invoke.DirectMethodHandle$Holder.invokeVirtual(java.lang.Object, java.lang.Object)'> (0x000000008cecb340) 
thrown [s\open\src\hotspot\share\interpreter\linkResolver.cpp, line 759]
Event: 0.658 Thread 0x0000011867a06020 Exception <a 'java/lang/NoSuchMethodError'{0x000000008cd77978}: 'java.lang.Object java.lang.invoke.DirectMethodHandle$Holder.invokeSpecial(java.lang.Object, java.lang.Object, java.lang.Object, int, java.lang.Object)'> (0x000000008cd77978) 
thrown [s\open\src\hotspot\share\interpreter\linkResolver.cpp, line 759]
Event: 0.659 Thread 0x0000011867a06020 Exception <a 'java/lang/NoSuchMethodError'{0x000000008cd80378}: 'java.lang.Object java.lang.invoke.DirectMethodHandle$Holder.newInvokeSpecial(java.lang.Object, java.lang.Object, java.lang.Object, int, java.lang.Object)'> (0x000000008cd80378) 
thrown [s\open\src\hotspot\share\interpreter\linkResolver.cpp, line 759]
Event: 0.659 Thread 0x0000011867a06020 Exception <a 'java/lang/NoSuchMethodError'{0x000000008cd87d48}: 'java.lang.Object java.lang.invoke.Invokers$Holder.linkToTargetMethod(java.lang.Object, java.lang.Object, int, java.lang.Object, java.lang.Object)'> (0x000000008cd87d48) 
thrown [s\open\src\hotspot\share\interpreter\linkResolver.cpp, line 759]
Event: 0.661 Thread 0x0000011867a06020 Exception <a 'java/lang/NoSuchMethodError'{0x000000008cd97718}: 'java.lang.Object java.lang.invoke.DirectMethodHandle$Holder.newInvokeSpecial(java.lang.Object, int, java.lang.Object)'> (0x000000008cd97718) 
thrown [s\open\src\hotspot\share\interpreter\linkResolver.cpp, line 759]
Event: 0.661 Thread 0x0000011867a06020 Exception <a 'java/lang/NoSuchMethodError'{0x000000008cd9c350}: 'int java.lang.invoke.DirectMethodHandle$Holder.invokeSpecialIFC(java.lang.Object, java.lang.Object, java.lang.Object, java.lang.Object)'> (0x000000008cd9c350) 
thrown [s\open\src\hotspot\share\interpreter\linkResolver.cpp, line 759]
Event: 0.671 Thread 0x0000011867a06020 Exception <a 'java/lang/NoSuchMethodError'{0x000000008cc76930}: 'void java.lang.invoke.DirectMethodHandle$Holder.invokeInterface(java.lang.Object, java.lang.Object, java.lang.Object)'> (0x000000008cc76930) 
thrown [s\open\src\hotspot\share\interpreter\linkResolver.cpp, line 759]
Event: 0.685 Thread 0x0000011867a06020 Exception <a 'java/lang/NoSuchMethodError'{0x000000008cb287e0}: 'java.lang.Object java.lang.invoke.DirectMethodHandle$Holder.invokeVirtual(java.lang.Object, java.lang.Object, java.lang.Object)'> (0x000000008cb287e0) 
thrown [s\open\src\hotspot\share\interpreter\linkResolver.cpp, line 759]
Event: 0.695 Thread 0x0000011867a06020 Exception <a 'java/lang/NoSuchMethodError'{0x000000008cbfbc20}: 'void java.lang.invoke.DirectMethodHandle$Holder.invokeStatic(java.lang.Object, java.lang.Object, int)'> (0x000000008cbfbc20) 
thrown [s\open\src\hotspot\share\interpreter\linkResolver.cpp, line 759]
Event: 0.697 Thread 0x0000011867a06020 Exception <a 'java/lang/NoSuchMethodError'{0x000000008ca13ad8}: 'void java.lang.invoke.DirectMethodHandle$Holder.invokeStaticInit(java.lang.Object, java.lang.Object, java.lang.Object)'> (0x000000008ca13ad8) 
thrown [s\open\src\hotspot\share\interpreter\linkResolver.cpp, line 759]
Event: 0.701 Thread 0x0000011867a06020 Exception <a 'java/lang/NoSuchMethodError'{0x000000008ca68280}: 'java.lang.Object java.lang.invoke.DirectMethodHandle$Holder.invokeStatic(java.lang.Object, java.lang.Object, long, java.lang.Object)'> (0x000000008ca68280) 
thrown [s\open\src\hotspot\share\interpreter\linkResolver.cpp, line 759]
Event: 0.701 Thread 0x0000011867a06020 Exception <a 'java/lang/NoSuchMethodError'{0x000000008ca6bd18}: 'java.lang.Object java.lang.invoke.DirectMethodHandle$Holder.invokeStaticInit(java.lang.Object, java.lang.Object, long, java.lang.Object)'> (0x000000008ca6bd18) 
thrown [s\open\src\hotspot\share\interpreter\linkResolver.cpp, line 759]
Event: 0.701 Thread 0x0000011867a06020 Exception <a 'java/lang/NoSuchMethodError'{0x000000008ca72328}: 'java.lang.Object java.lang.invoke.DirectMethodHandle$Holder.newInvokeSpecial(java.lang.Object, java.lang.Object, long)'> (0x000000008ca72328) 
thrown [s\open\src\hotspot\share\interpreter\linkResolver.cpp, line 759]
Event: 0.701 Thread 0x0000011867a06020 Exception <a 'java/lang/NoSuchMethodError'{0x000000008ca75e98}: 'java.lang.Object java.lang.invoke.Invokers$Holder.linkToTargetMethod(java.lang.Object, long, java.lang.Object)'> (0x000000008ca75e98) 
thrown [s\open\src\hotspot\share\interpreter\linkResolver.cpp, line 759]
Event: 0.708 Thread 0x0000011867a06020 Exception <a 'java/lang/NoSuchMethodError'{0x000000008cadb6e0}: 'void java.lang.invoke.DirectMethodHandle$Holder.invokeVirtual(java.lang.Object, java.lang.Object, java.lang.Object, java.lang.Object)'> (0x000000008cadb6e0) 
thrown [s\open\src\hotspot\share\interpreter\linkResolver.cpp, line 759]
Event: 0.724 Thread 0x0000011867a06020 Exception <a 'java/lang/NoSuchMethodError'{0x000000008c851b90}: 'void java.lang.invoke.DirectMethodHandle$Holder.invokeSpecial(java.lang.Object, java.lang.Object, java.lang.Object)'> (0x000000008c851b90) 
thrown [s\open\src\hotspot\share\interpreter\linkResolver.cpp, line 759]
Event: 0.730 Thread 0x0000011867a06020 Exception <a 'java/lang/IncompatibleClassChangeError'{0x000000008c8a0950}: Found class java.lang.Object, but interface was expected> (0x000000008c8a0950) 
thrown [s\open\src\hotspot\share\interpreter\linkResolver.cpp, line 826]

VM Operations (20 events):
Event: 0.179 Executing VM operation: HandshakeAllThreads
Event: 0.179 Executing VM operation: HandshakeAllThreads done
Event: 0.267 Executing VM operation: HandshakeAllThreads
Event: 0.267 Executing VM operation: HandshakeAllThreads done
Event: 0.356 Executing VM operation: HandshakeAllThreads
Event: 0.356 Executing VM operation: HandshakeAllThreads done
Event: 0.358 Executing VM operation: HandshakeAllThreads
Event: 0.359 Executing VM operation: HandshakeAllThreads done
Event: 0.502 Executing VM operation: G1CollectForAllocation
Event: 0.506 Executing VM operation: G1CollectForAllocation done
Event: 0.542 Executing VM operation: HandshakeAllThreads
Event: 0.542 Executing VM operation: HandshakeAllThreads done
Event: 0.646 Executing VM operation: HandshakeAllThreads
Event: 0.646 Executing VM operation: HandshakeAllThreads done
Event: 0.704 Executing VM operation: ICBufferFull
Event: 0.704 Executing VM operation: ICBufferFull done
Event: 0.721 Executing VM operation: HandshakeAllThreads
Event: 0.721 Executing VM operation: HandshakeAllThreads done
Event: 0.723 Executing VM operation: HandshakeAllThreads
Event: 0.723 Executing VM operation: HandshakeAllThreads done

Events (20 events):
Event: 0.707 loading class java/util/concurrent/Executors$DefaultThreadFactory done
Event: 0.713 loading class java/util/Stack
Event: 0.713 loading class java/util/Stack done
Event: 0.713 loading class java/util/Vector$Itr
Event: 0.713 loading class java/util/Vector$Itr done
Event: 0.727 Thread 0x0000011867b1d290 Thread added: 0x0000011867b1d290
Event: 0.735 loading class java/lang/AssertionError
Event: 0.735 loading class java/lang/AssertionError done
Event: 0.744 loading class java/util/regex/PatternSyntaxException
Event: 0.744 loading class java/util/regex/PatternSyntaxException done
Event: 0.744 loading class javax/xml/stream/XMLStreamException
Event: 0.744 loading class javax/xml/stream/XMLStreamException done
Event: 0.750 loading class org/xml/sax/SAXException
Event: 0.750 loading class org/xml/sax/SAXException done
Event: 0.750 loading class javax/xml/transform/Source
Event: 0.750 loading class javax/xml/transform/Source done
Event: 0.753 loading class java/io/NotSerializableException
Event: 0.753 loading class java/io/ObjectStreamException
Event: 0.753 loading class java/io/ObjectStreamException done
Event: 0.753 loading class java/io/NotSerializableException done


Dynamic libraries:
0x00007ff736740000 - 0x00007ff736750000 	C:\Program Files\Java\jdk-17\bin\java.exe
0x00007ffb62210000 - 0x00007ffb62427000 	C:\Windows\SYSTEM32\ntdll.dll
0x00007ffb61240000 - 0x00007ffb61304000 	C:\Windows\System32\KERNEL32.DLL
0x00007ffb5f5c0000 - 0x00007ffb5f977000 	C:\Windows\System32\KERNELBASE.dll
0x00007ffb5faa0000 - 0x00007ffb5fbb1000 	C:\Windows\System32\ucrtbase.dll
0x00007ffaf6580000 - 0x00007ffaf659b000 	C:\Program Files\Java\jdk-17\bin\VCRUNTIME140.dll
0x00007ffaf6560000 - 0x00007ffaf6579000 	C:\Program Files\Java\jdk-17\bin\jli.dll
0x00007ffb60aa0000 - 0x00007ffb60b52000 	C:\Windows\System32\ADVAPI32.dll
0x00007ffb609f0000 - 0x00007ffb60a97000 	C:\Windows\System32\msvcrt.dll
0x00007ffb61eb0000 - 0x00007ffb61f58000 	C:\Windows\System32\sechost.dll
0x00007ffb5fc70000 - 0x00007ffb5fc98000 	C:\Windows\System32\bcrypt.dll
0x00007ffb60c90000 - 0x00007ffb60da4000 	C:\Windows\System32\RPCRT4.dll
0x00007ffb61ca0000 - 0x00007ffb61e4f000 	C:\Windows\System32\USER32.dll
0x00007ffb5fbc0000 - 0x00007ffb5fbe6000 	C:\Windows\System32\win32u.dll
0x00007ffb4e1d0000 - 0x00007ffb4e463000 	C:\Windows\WinSxS\amd64_microsoft.windows.common-controls_6595b64144ccf1df_6.0.22621.3672_none_2713b9d173822955\COMCTL32.dll
0x00007ffb60f90000 - 0x00007ffb60fb9000 	C:\Windows\System32\GDI32.dll
0x00007ffb5f980000 - 0x00007ffb5fa98000 	C:\Windows\System32\gdi32full.dll
0x00007ffb5f520000 - 0x00007ffb5f5ba000 	C:\Windows\System32\msvcp_win.dll
0x00007ffb572b0000 - 0x00007ffb572ba000 	C:\Windows\SYSTEM32\VERSION.dll
0x00007ffb60fd0000 - 0x00007ffb61001000 	C:\Windows\System32\IMM32.DLL
0x00007ffaf6550000 - 0x00007ffaf655c000 	C:\Program Files\Java\jdk-17\bin\vcruntime140_1.dll
0x00007ffaf64c0000 - 0x00007ffaf654e000 	C:\Program Files\Java\jdk-17\bin\msvcp140.dll
0x00007ffaf55a0000 - 0x00007ffaf617f000 	C:\Program Files\Java\jdk-17\bin\server\jvm.dll
0x00007ffb621c0000 - 0x00007ffb621c8000 	C:\Windows\System32\PSAPI.DLL
0x00007ffb3c8c0000 - 0x00007ffb3c8c9000 	C:\Windows\SYSTEM32\WSOCK32.dll
0x00007ffb61010000 - 0x00007ffb61081000 	C:\Windows\System32\WS2_32.dll
0x00007ffb584b0000 - 0x00007ffb584e4000 	C:\Windows\SYSTEM32\WINMM.dll
0x00007ffb5e630000 - 0x00007ffb5e648000 	C:\Windows\SYSTEM32\kernel.appcore.dll
0x00007ffaf64b0000 - 0x00007ffaf64ba000 	C:\Program Files\Java\jdk-17\bin\jimage.dll
0x00007ffb5c6f0000 - 0x00007ffb5c922000 	C:\Windows\SYSTEM32\DBGHELP.DLL
0x00007ffb61310000 - 0x00007ffb6169e000 	C:\Windows\System32\combase.dll
0x00007ffb616b0000 - 0x00007ffb61787000 	C:\Windows\System32\OLEAUT32.dll
0x00007ffb52c20000 - 0x00007ffb52c52000 	C:\Windows\SYSTEM32\dbgcore.DLL
0x00007ffb5fbf0000 - 0x00007ffb5fc6b000 	C:\Windows\System32\bcryptPrimitives.dll
0x00007ffb5c190000 - 0x00007ffb5c19e000 	C:\Program Files\Java\jdk-17\bin\instrument.dll
0x00007ffaf6480000 - 0x00007ffaf64a5000 	C:\Program Files\Java\jdk-17\bin\java.dll
0x00007ffaf63a0000 - 0x00007ffaf6477000 	C:\Program Files\Java\jdk-17\bin\jsvml.dll
0x00007ffb5ff40000 - 0x00007ffb607a9000 	C:\Windows\System32\SHELL32.dll
0x00007ffb5d440000 - 0x00007ffb5dd3f000 	C:\Windows\SYSTEM32\windows.storage.dll
0x00007ffb5d300000 - 0x00007ffb5d43f000 	C:\Windows\SYSTEM32\wintypes.dll
0x00007ffb61fc0000 - 0x00007ffb620b9000 	C:\Windows\System32\SHCORE.dll
0x00007ffb61f60000 - 0x00007ffb61fbe000 	C:\Windows\System32\shlwapi.dll
0x00007ffb5f450000 - 0x00007ffb5f477000 	C:\Windows\SYSTEM32\profapi.dll
0x00007ffaf6340000 - 0x00007ffaf6358000 	C:\Program Files\Java\jdk-17\bin\zip.dll
0x00007ffaf6380000 - 0x00007ffaf6399000 	C:\Program Files\Java\jdk-17\bin\net.dll
0x00007ffb5bab0000 - 0x00007ffb5bbe6000 	C:\Windows\SYSTEM32\WINHTTP.dll
0x00007ffb5eab0000 - 0x00007ffb5eb19000 	C:\Windows\system32\mswsock.dll
0x00007ffaf6360000 - 0x00007ffaf6376000 	C:\Program Files\Java\jdk-17\bin\nio.dll
0x00007ffb5ae40000 - 0x00007ffb5ae5a000 	C:\Program Files\JetBrains\IntelliJ IDEA 2022.3.3\bin\breakgen64.dll
0x00007ffb5e010000 - 0x00007ffb5e112000 	C:\Windows\SYSTEM32\DNSAPI.dll
0x00007ffb5dfa0000 - 0x00007ffb5dfcd000 	C:\Windows\SYSTEM32\IPHLPAPI.DLL
0x00007ffb61790000 - 0x00007ffb61799000 	C:\Windows\System32\NSI.dll
0x00000000648e0000 - 0x0000000064906000 	C:\Program Files\Bonjour\mdnsNSP.dll
0x00007ffb5a6e0000 - 0x00007ffb5a6ea000 	C:\Windows\System32\rasadhlp.dll
0x00007ffb5a800000 - 0x00007ffb5a883000 	C:\Windows\System32\fwpuclnt.dll
0x00007ffb5c160000 - 0x00007ffb5c16a000 	C:\Program Files\Java\jdk-17\bin\management.dll
0x00007ffb5b280000 - 0x00007ffb5b28b000 	C:\Program Files\Java\jdk-17\bin\management_ext.dll
0x00007ffb5ed20000 - 0x00007ffb5ed3b000 	C:\Windows\SYSTEM32\CRYPTSP.dll
0x00007ffb5e590000 - 0x00007ffb5e5c5000 	C:\Windows\system32\rsaenh.dll
0x00007ffb5eba0000 - 0x00007ffb5ebc8000 	C:\Windows\SYSTEM32\USERENV.dll
0x00007ffb5ed40000 - 0x00007ffb5ed4c000 	C:\Windows\SYSTEM32\CRYPTBASE.dll
0x00007ffb5b900000 - 0x00007ffb5b919000 	C:\Windows\SYSTEM32\dhcpcsvc6.DLL
0x00007ffb5b8d0000 - 0x00007ffb5b8ef000 	C:\Windows\SYSTEM32\dhcpcsvc.DLL
0x00007ffb5ae10000 - 0x00007ffb5ae27000 	C:\Windows\system32\napinsp.dll
0x00007ffb5ac60000 - 0x00007ffb5ac7b000 	C:\Windows\system32\pnrpnsp.dll
0x00007ffb5ac40000 - 0x00007ffb5ac51000 	C:\Windows\System32\winrnr.dll
0x00007ffb2ce20000 - 0x00007ffb2ce35000 	C:\Windows\system32\wshbth.dll
0x00007ffb5ac10000 - 0x00007ffb5ac37000 	C:\Windows\system32\nlansp_c.dll

dbghelp: loaded successfully - version: 4.0.5 - missing functions: none
symbol engine: initialized successfully - sym options: 0x614 - pdb path: .;C:\Program Files\Java\jdk-17\bin;C:\Windows\SYSTEM32;C:\Windows\WinSxS\amd64_microsoft.windows.common-controls_6595b64144ccf1df_6.0.22621.3672_none_2713b9d173822955;C:\Program Files\Java\jdk-17\bin\server;C:\Program Files\JetBrains\IntelliJ IDEA 2022.3.3\bin;C:\Program Files\Bonjour

VM Arguments:
jvm_args: -XX:TieredStopAtLevel=1 -Dspring.output.ansi.enabled=always -Dcom.sun.management.jmxremote -Dspring.jmx.enabled=true -Dspring.liveBeansView.mbeanDomain -Dspring.application.admin.enabled=true -Dmanagement.endpoints.jmx.exposure.include=* -javaagent:C:\Program Files\JetBrains\IntelliJ IDEA 2022.3.3\lib\idea_rt.jar=49927:C:\Program Files\JetBrains\IntelliJ IDEA 2022.3.3\bin -Dfile.encoding=UTF-8 
java_command: com.example.berryshoes.BerryShoesApplication
java_class_path (initial): C:\Users\ASUS\Desktop\DATN-BerryShoes\berryshoes\target\classes;C:\Users\ASUS\.m2\repository\org\springframework\boot\spring-boot-starter-data-jpa\3.3.4\spring-boot-starter-data-jpa-3.3.4.jar;C:\Users\ASUS\.m2\repository\org\springframework\boot\spring-boot-starter-aop\3.3.4\spring-boot-starter-aop-3.3.4.jar;C:\Users\ASUS\.m2\repository\org\springframework\spring-aop\6.1.13\spring-aop-6.1.13.jar;C:\Users\ASUS\.m2\repository\org\aspectj\aspectjweaver\1.9.22.1\aspectjweaver-1.9.22.1.jar;C:\Users\ASUS\.m2\repository\org\springframework\boot\spring-boot-starter-jdbc\3.3.4\spring-boot-starter-jdbc-3.3.4.jar;C:\Users\ASUS\.m2\repository\com\zaxxer\HikariCP\5.1.0\HikariCP-5.1.0.jar;C:\Users\ASUS\.m2\repository\org\springframework\spring-jdbc\6.1.13\spring-jdbc-6.1.13.jar;C:\Users\ASUS\.m2\repository\org\hibernate\orm\hibernate-core\6.5.3.Final\hibernate-core-6.5.3.Final.jar;C:\Users\ASUS\.m2\repository\jakarta\persistence\jakarta.persistence-api\3.1.0\jakarta.persistence-api-3.1.0.jar;C:\Users\ASUS\.m2\repository\jakarta\transaction\jakarta.transaction-api\2.0.1\jakarta.transaction-api-2.0.1.jar;C:\Users\ASUS\.m2\repository\org\jboss\logging\jboss-logging\3.5.3.Final\jboss-logging-3.5.3.Final.jar;C:\Users\ASUS\.m2\repository\org\hibernate\common\hibernate-commons-annotations\6.0.6.Final\hibernate-commons-annotations-6.0.6.Final.jar;C:\Users\ASUS\.m2\repository\io\smallrye\jandex\3.1.2\jandex-3.1.2.jar;C:\Users\ASUS\.m2\repository\com\fasterxml\classmate\1.7.0\classmate-1.7.0.jar;C:\Users\ASUS\.m2\repository\net\bytebuddy\byte-buddy\1.14.19\byte-buddy-1.14.19.jar;C:\Users\ASUS\.m2\repository\org\glassfish\jaxb\jaxb-runtime\4.0.5\jaxb-runtime-4.0.5.jar;C:\Users\ASUS\.m2\repository\org\glassfish\jaxb\jaxb-core\4.0.5\jaxb-core-4.0.5.jar;C:\Users\ASUS\.m2\repository\org\eclipse\angus\angus-activation\2.0.2\angus-activation-2.0.2.jar;C:\Users\ASUS\.m2\repository\org\glassfish\jaxb\txw2\4.0.5\txw2-4.0.5.jar;C:\Users\ASUS\.m2\repository\com\sun\istack\
Launcher Type: SUN_STANDARD

[Global flags]
     intx CICompilerCount                          = 4                                         {product} {ergonomic}
     uint ConcGCThreads                            = 3                                         {product} {ergonomic}
     uint G1ConcRefinementThreads                  = 10                                        {product} {ergonomic}
   size_t G1HeapRegionSize                         = 1048576                                   {product} {ergonomic}
    uintx GCDrainStackTargetSize                   = 64                                        {product} {ergonomic}
   size_t InitialHeapSize                          = 130023424                                 {product} {ergonomic}
     bool ManagementServer                         = true                                      {product} {command line}
   size_t MarkStackSize                            = 4194304                                   {product} {ergonomic}
   size_t MaxHeapSize                              = 2048917504                                {product} {ergonomic}
   size_t MaxNewSize                               = 1228931072                                {product} {ergonomic}
   size_t MinHeapDeltaBytes                        = 1048576                                   {product} {ergonomic}
   size_t MinHeapSize                              = 8388608                                   {product} {ergonomic}
    uintx NonProfiledCodeHeapSize                  = 0                                      {pd product} {ergonomic}
     bool ProfileInterpreter                       = false                                  {pd product} {command line}
    uintx ProfiledCodeHeapSize                     = 0                                      {pd product} {ergonomic}
   size_t SoftMaxHeapSize                          = 2048917504                             {manageable} {ergonomic}
     intx TieredStopAtLevel                        = 1                                         {product} {command line}
     bool UseCompressedClassPointers               = true                           {product lp64_product} {ergonomic}
     bool UseCompressedOops                        = true                           {product lp64_product} {ergonomic}
     bool UseG1GC                                  = true                                      {product} {ergonomic}
     bool UseLargePagesIndividualAllocation        = false                                  {pd product} {ergonomic}

Logging:
Log output configuration:
 #0: stdout all=warning uptime,level,tags
 #1: stderr all=off uptime,level,tags

Environment Variables:
PATH=C:\Program Files\Common Files\Oracle\Java\javapath;C:\Windows\system32;C:\Windows;C:\Windows\System32\Wbem;C:\Windows\System32\WindowsPowerShell\v1.0\;C:\Windows\System32\OpenSSH\;C:\Program Files\dotnet\;C:\Program Files (x86)\Microsoft SQL Server\160\DTS\Binn\;C:\Program Files (x86)\Microsoft SQL Server\160\Tools\Binn\;C:\Program Files\Microsoft SQL Server\160\Tools\Binn\;C:\Program Files\Microsoft SQL Server\Client SDK\ODBC\170\Tools\Binn\;C:\Program Files\Microsoft SQL Server\160\DTS\Binn\;C:\Program Files\Git\cmd;C:\Program Files\nodejs\;C:\Users\ASUS\AppData\Local\Microsoft\WindowsApps;C:\Program Files\Azure Data Studio\bin;C:\Program Files\JetBrains\IntelliJ IDEA 2020.3.4\bin;;C:\Users\ASUS\AppData\Local\GitHubDesktop\bin;C:\Users\ASUS\AppData\Roaming\npm;C:\Users\ASUS\AppData\Local\Programs\Microsoft VS Code\bin
USERNAME=ASUS
OS=Windows_NT
PROCESSOR_IDENTIFIER=Intel64 Family 6 Model 154 Stepping 3, GenuineIntel



---------------  S Y S T E M  ---------------

OS:
 Windows 11 , 64 bit Build 22621 (10.0.22621.3958)
OS uptime: 0 days 0:02 hours
Hyper-V role detected

CPU: total 12 (initial active 12) (6 cores per cpu, 2 threads per core) family 6 model 154 stepping 3 microcode 0x429, cx8, cmov, fxsr, ht, mmx, 3dnowpref, sse, sse2, sse3, ssse3, sse4.1, sse4.2, popcnt, lzcnt, tsc, tscinvbit, avx, avx2, aes, erms, clmul, bmi1, bmi2, adx, sha, fma, vzeroupper, clflush, clflushopt, clwb, hv

Memory: 4k page, system-wide physical 7812M (1529M free)
TotalPageFile size 7812M (AvailPageFile size 3M)
current process WorkingSet (physical memory assigned to process): 89M, peak: 89M
current process commit charge ("private bytes"): 231M, peak: 231M

vm_info: Java HotSpot(TM) 64-Bit Server VM (17.0.10+11-LTS-240) for windows-amd64 JRE (17.0.10+11-LTS-240), built on Dec 19 2023 21:47:25 by "mach5one" with MS VC++ 17.1 (VS2022)

END.
